# JRE version: OpenJDK Runtime Environment (8.0_242-b01) (build 1.8.0_242-release-1644-b01)
# Java VM: OpenJDK 64-Bit Server VM (25.242-b01 mixed mode windows-amd64 compressed oops)
Heap:
 PSYoungGen      total 553472K, used 220190K [0x00000000d5580000, 0x00000000fb380000, 0x0000000100000000)
  eden space 520704K, 37% used [0x00000000d5580000,0x00000000e1592d30,0x00000000f5200000)
  from space 32768K, 71% used [0x00000000f5200000,0x00000000f68f4b88,0x00000000f7200000)
  to   space 25088K, 0% used [0x00000000f7200000,0x00000000f7200000,0x00000000f8a80000)
 ParOldGen       total 119296K, used 70646K [0x0000000080000000, 0x0000000087480000, 0x00000000d5580000)
  object space 119296K, 59% used [0x0000000080000000,0x00000000844fdb08,0x0000000087480000)
 Metaspace       used 86536K, capacity 90874K, committed 91096K, reserved 1128448K
  class space    used 11510K, capacity 12287K, committed 12288K, reserved 1048576K
GC Heap History (10 events):
Event: 11.961 GC heap before
{Heap before GC invocations=10 (full 2):
 PSYoungGen      total 276480K, used 260096K [0x00000000d5580000, 0x00000000f1980000, 0x0000000100000000)
  eden space 260096K, 100% used [0x00000000d5580000,0x00000000e5380000,0x00000000e5380000)
  from space 16384K, 0% used [0x00000000e5380000,0x00000000e5380000,0x00000000e6380000)
  to   space 15872K, 0% used [0x00000000f0a00000,0x00000000f0a00000,0x00000000f1980000)
 ParOldGen       total 77824K, used 15140K [0x0000000080000000, 0x0000000084c00000, 0x00000000d5580000)
  object space 77824K, 19% used [0x0000000080000000,0x0000000080ec90e0,0x0000000084c00000)
 Metaspace       used 46293K, capacity 48114K, committed 48344K, reserved 1091584K
  class space    used 6243K, capacity 6579K, committed 6656K, reserved 1048576K
Event: 12.038 GC heap after
Heap after GC invocations=10 (full 2):
 PSYoungGen      total 415232K, used 15862K [0x00000000d5580000, 0x00000000f1980000, 0x0000000100000000)
  eden space 399360K, 0% used [0x00000000d5580000,0x00000000d5580000,0x00000000edb80000)
  from space 15872K, 99% used [0x00000000f0a00000,0x00000000f197d980,0x00000000f1980000)
  to   space 19456K, 0% used [0x00000000ef380000,0x00000000ef380000,0x00000000f0680000)
 ParOldGen       total 77824K, used 18240K [0x0000000080000000, 0x0000000084c00000, 0x00000000d5580000)
  object space 77824K, 23% used [0x0000000080000000,0x00000000811d0100,0x0000000084c00000)
 Metaspace       used 46293K, capacity 48114K, committed 48344K, reserved 1091584K
  class space    used 6243K, capacity 6579K, committed 6656K, reserved 1048576K
}
Event: 14.056 GC heap before
{Heap before GC invocations=11 (full 2):
 PSYoungGen      total 415232K, used 145803K [0x00000000d5580000, 0x00000000f1980000, 0x0000000100000000)
  eden space 399360K, 32% used [0x00000000d5580000,0x00000000dd4653c0,0x00000000edb80000)
  from space 15872K, 99% used [0x00000000f0a00000,0x00000000f197d980,0x00000000f1980000)
  to   space 19456K, 0% used [0x00000000ef380000,0x00000000ef380000,0x00000000f0680000)
 ParOldGen       total 77824K, used 18240K [0x0000000080000000, 0x0000000084c00000, 0x00000000d5580000)
  object space 77824K, 23% used [0x0000000080000000,0x00000000811d0100,0x0000000084c00000)
 Metaspace       used 56788K, capacity 58920K, committed 59028K, reserved 1099776K
  class space    used 7668K, capacity 8118K, committed 8192K, reserved 1048576K
Event: 14.125 GC heap after
Heap after GC invocations=11 (full 2):
 PSYoungGen      total 443392K, used 19438K [0x00000000d5580000, 0x00000000f8a80000, 0x0000000100000000)
  eden space 423936K, 0% used [0x00000000d5580000,0x00000000d5580000,0x00000000ef380000)
  from space 19456K, 99% used [0x00000000ef380000,0x00000000f067bbe0,0x00000000f0680000)
  to   space 25088K, 0% used [0x00000000f7200000,0x00000000f7200000,0x00000000f8a80000)
 ParOldGen       total 77824K, used 24544K [0x0000000080000000, 0x0000000084c00000, 0x00000000d5580000)
  object space 77824K, 31% used [0x0000000080000000,0x00000000817f80b0,0x0000000084c00000)
 Metaspace       used 56788K, capacity 58920K, committed 59028K, reserved 1099776K
  class space    used 7668K, capacity 8118K, committed 8192K, reserved 1048576K
}
Event: 14.125 GC heap before
{Heap before GC invocations=12 (full 3):
 PSYoungGen      total 443392K, used 19438K [0x00000000d5580000, 0x00000000f8a80000, 0x0000000100000000)
  eden space 423936K, 0% used [0x00000000d5580000,0x00000000d5580000,0x00000000ef380000)
  from space 19456K, 99% used [0x00000000ef380000,0x00000000f067bbe0,0x00000000f0680000)
  to   space 25088K, 0% used [0x00000000f7200000,0x00000000f7200000,0x00000000f8a80000)
 ParOldGen       total 77824K, used 24544K [0x0000000080000000, 0x0000000084c00000, 0x00000000d5580000)
  object space 77824K, 31% used [0x0000000080000000,0x00000000817f80b0,0x0000000084c00000)
 Metaspace       used 56788K, capacity 58920K, committed 59028K, reserved 1099776K
  class space    used 7668K, capacity 8118K, committed 8192K, reserved 1048576K
Event: 14.406 GC heap after
Heap after GC invocations=12 (full 3):
 PSYoungGen      total 443392K, used 0K [0x00000000d5580000, 0x00000000f8a80000, 0x0000000100000000)
  eden space 423936K, 0% used [0x00000000d5580000,0x00000000d5580000,0x00000000ef380000)
  from space 19456K, 0% used [0x00000000ef380000,0x00000000ef380000,0x00000000f0680000)
  to   space 25088K, 0% used [0x00000000f7200000,0x00000000f7200000,0x00000000f8a80000)
 ParOldGen       total 119296K, used 38155K [0x0000000080000000, 0x0000000087480000, 0x00000000d5580000)
  object space 119296K, 31% used [0x0000000080000000,0x0000000082542fa8,0x0000000087480000)
 Metaspace       used 56772K, capacity 58866K, committed 59028K, reserved 1099776K
  class space    used 7663K, capacity 8109K, committed 8192K, reserved 1048576K
}
Event: 23.263 GC heap before
{Heap before GC invocations=13 (full 3):
 PSYoungGen      total 443392K, used 423936K [0x00000000d5580000, 0x00000000f8a80000, 0x0000000100000000)
  eden space 423936K, 100% used [0x00000000d5580000,0x00000000ef380000,0x00000000ef380000)
  from space 19456K, 0% used [0x00000000ef380000,0x00000000ef380000,0x00000000f0680000)
  to   space 25088K, 0% used [0x00000000f7200000,0x00000000f7200000,0x00000000f8a80000)
 ParOldGen       total 119296K, used 38155K [0x0000000080000000, 0x0000000087480000, 0x00000000d5580000)
  object space 119296K, 31% used [0x0000000080000000,0x0000000082542fa8,0x0000000087480000)
 Metaspace       used 72071K, capacity 75172K, committed 75480K, reserved 1114112K
  class space    used 9799K, capacity 10390K, committed 10496K, reserved 1048576K
Event: 23.654 GC heap after
Heap after GC invocations=13 (full 3):
 PSYoungGen      total 545792K, used 25077K [0x00000000d5580000, 0x00000000fb380000, 0x0000000100000000)
  eden space 520704K, 0% used [0x00000000d5580000,0x00000000d5580000,0x00000000f5200000)
  from space 25088K, 99% used [0x00000000f7200000,0x00000000f8a7d430,0x00000000f8a80000)
  to   space 32768K, 0% used [0x00000000f5200000,0x00000000f5200000,0x00000000f7200000)
 ParOldGen       total 119296K, used 48941K [0x0000000080000000, 0x0000000087480000, 0x00000000d5580000)
  object space 119296K, 41% used [0x0000000080000000,0x0000000082fcb578,0x0000000087480000)
 Metaspace       used 72071K, capacity 75172K, committed 75480K, reserved 1114112K
  class space    used 9799K, capacity 10390K, committed 10496K, reserved 1048576K
}
Event: 143.820 GC heap before
{Heap before GC invocations=14 (full 3):
 PSYoungGen      total 545792K, used 545781K [0x00000000d5580000, 0x00000000fb380000, 0x0000000100000000)
  eden space 520704K, 100% used [0x00000000d5580000,0x00000000f5200000,0x00000000f5200000)
  from space 25088K, 99% used [0x00000000f7200000,0x00000000f8a7d430,0x00000000f8a80000)
  to   space 32768K, 0% used [0x00000000f5200000,0x00000000f5200000,0x00000000f7200000)
 ParOldGen       total 119296K, used 48941K [0x0000000080000000, 0x0000000087480000, 0x00000000d5580000)
  object space 119296K, 41% used [0x0000000080000000,0x0000000082fcb578,0x0000000087480000)
 Metaspace       used 84162K, capacity 88170K, committed 88280K, reserved 1126400K
  class space    used 11261K, capacity 12003K, committed 12032K, reserved 1048576K
Event: 144.018 GC heap after
Heap after GC invocations=14 (full 3):
 PSYoungGen      total 553472K, used 23506K [0x00000000d5580000, 0x00000000fb380000, 0x0000000100000000)
  eden space 520704K, 0% used [0x00000000d5580000,0x00000000d5580000,0x00000000f5200000)
  from space 32768K, 71% used [0x00000000f5200000,0x00000000f68f4b88,0x00000000f7200000)
  to   space 25088K, 0% used [0x00000000f7200000,0x00000000f7200000,0x00000000f8a80000)
 ParOldGen       total 119296K, used 70646K [0x0000000080000000, 0x0000000087480000, 0x00000000d5580000)
  object space 119296K, 59% used [0x0000000080000000,0x00000000844fdb08,0x0000000087480000)
 Metaspace       used 84162K, capacity 88170K, committed 88280K, reserved 1126400K
  class space    used 11261K, capacity 12003K, committed 12032K, reserved 1048576K
}

