# JRE version: OpenJDK Runtime Environment (8.0_242-b01) (build 1.8.0_242-release-1644-b01)
# Java VM: OpenJDK 64-Bit Server VM (25.242-b01 mixed mode windows-amd64 compressed oops)
Heap:
 PSYoungGen      total 284160K, used 130522K [0x00000000d5580000, 0x00000000e8700000, 0x0000000100000000)
  eden space 262656K, 49% used [0x00000000d5580000,0x00000000dd3a68a8,0x00000000e5600000)
  from space 21504K, 6% used [0x00000000e7200000,0x00000000e7350000,0x00000000e8700000)
  to   space 25088K, 0% used [0x00000000e5600000,0x00000000e5600000,0x00000000e6e80000)
 ParOldGen       total 126464K, used 67874K [0x0000000080000000, 0x0000000087b80000, 0x00000000d5580000)
  object space 126464K, 53% used [0x0000000080000000,0x00000000842489e0,0x0000000087b80000)
 Metaspace       used 81277K, capacity 84996K, committed 85080K, reserved 1122304K
  class space    used 10631K, capacity 11308K, committed 11392K, reserved 1048576K
GC Heap History (10 events):
Event: 14.251 GC heap before
{Heap before GC invocations=15 (full 3):
 PSYoungGen      total 209408K, used 7528K [0x00000000d5580000, 0x00000000e3e80000, 0x0000000100000000)
  eden space 191488K, 0% used [0x00000000d5580000,0x00000000d5580000,0x00000000e1080000)
  from space 17920K, 42% used [0x00000000e2180000,0x00000000e28da0d8,0x00000000e3300000)
  to   space 17408K, 0% used [0x00000000e1080000,0x00000000e1080000,0x00000000e2180000)
 ParOldGen       total 79872K, used 35366K [0x0000000080000000, 0x0000000084e00000, 0x00000000d5580000)
  object space 79872K, 44% used [0x0000000080000000,0x00000000822898d0,0x0000000084e00000)
 Metaspace       used 56648K, capacity 58886K, committed 59028K, reserved 1099776K
  class space    used 7647K, capacity 8113K, committed 8192K, reserved 1048576K
Event: 14.624 GC heap after
Heap after GC invocations=15 (full 3):
 PSYoungGen      total 209408K, used 0K [0x00000000d5580000, 0x00000000e3e80000, 0x0000000100000000)
  eden space 191488K, 0% used [0x00000000d5580000,0x00000000d5580000,0x00000000e1080000)
  from space 17920K, 0% used [0x00000000e2180000,0x00000000e2180000,0x00000000e3300000)
  to   space 17408K, 0% used [0x00000000e1080000,0x00000000e1080000,0x00000000e2180000)
 ParOldGen       total 126464K, used 33727K [0x0000000080000000, 0x0000000087b80000, 0x00000000d5580000)
  object space 126464K, 26% used [0x0000000080000000,0x00000000820efd28,0x0000000087b80000)
 Metaspace       used 56638K, capacity 58856K, committed 59028K, reserved 1099776K
  class space    used 7644K, capacity 8108K, committed 8192K, reserved 1048576K
}
Event: 18.671 GC heap before
{Heap before GC invocations=16 (full 3):
 PSYoungGen      total 209408K, used 191488K [0x00000000d5580000, 0x00000000e3e80000, 0x0000000100000000)
  eden space 191488K, 100% used [0x00000000d5580000,0x00000000e1080000,0x00000000e1080000)
  from space 17920K, 0% used [0x00000000e2180000,0x00000000e2180000,0x00000000e3300000)
  to   space 17408K, 0% used [0x00000000e1080000,0x00000000e1080000,0x00000000e2180000)
 ParOldGen       total 126464K, used 33727K [0x0000000080000000, 0x0000000087b80000, 0x00000000d5580000)
  object space 126464K, 26% used [0x0000000080000000,0x00000000820efd28,0x0000000087b80000)
 Metaspace       used 66400K, capacity 69328K, committed 69592K, reserved 1110016K
  class space    used 9084K, capacity 9664K, committed 9728K, reserved 1048576K
Event: 18.714 GC heap after
Heap after GC invocations=16 (full 3):
 PSYoungGen      total 208896K, used 17397K [0x00000000d5580000, 0x00000000e6080000, 0x0000000100000000)
  eden space 191488K, 0% used [0x00000000d5580000,0x00000000d5580000,0x00000000e1080000)
  from space 17408K, 99% used [0x00000000e1080000,0x00000000e217d520,0x00000000e2180000)
  to   space 19968K, 0% used [0x00000000e4d00000,0x00000000e4d00000,0x00000000e6080000)
 ParOldGen       total 126464K, used 35064K [0x0000000080000000, 0x0000000087b80000, 0x00000000d5580000)
  object space 126464K, 27% used [0x0000000080000000,0x000000008223e1d8,0x0000000087b80000)
 Metaspace       used 66400K, capacity 69328K, committed 69592K, reserved 1110016K
  class space    used 9084K, capacity 9664K, committed 9728K, reserved 1048576K
}
Event: 22.376 GC heap before
{Heap before GC invocations=17 (full 3):
 PSYoungGen      total 208896K, used 208885K [0x00000000d5580000, 0x00000000e6080000, 0x0000000100000000)
  eden space 191488K, 100% used [0x00000000d5580000,0x00000000e1080000,0x00000000e1080000)
  from space 17408K, 99% used [0x00000000e1080000,0x00000000e217d520,0x00000000e2180000)
  to   space 19968K, 0% used [0x00000000e4d00000,0x00000000e4d00000,0x00000000e6080000)
 ParOldGen       total 126464K, used 35064K [0x0000000080000000, 0x0000000087b80000, 0x00000000d5580000)
  object space 126464K, 27% used [0x0000000080000000,0x000000008223e1d8,0x0000000087b80000)
 Metaspace       used 69767K, capacity 72942K, committed 73048K, reserved 1112064K
  class space    used 9489K, capacity 10103K, committed 10112K, reserved 1048576K
Event: 22.407 GC heap after
Heap after GC invocations=17 (full 3):
 PSYoungGen      total 244224K, used 10917K [0x00000000d5580000, 0x00000000e5b80000, 0x0000000100000000)
  eden space 229376K, 0% used [0x00000000d5580000,0x00000000d5580000,0x00000000e3580000)
  from space 14848K, 73% used [0x00000000e4d00000,0x00000000e57a9620,0x00000000e5b80000)
  to   space 19456K, 0% used [0x00000000e3580000,0x00000000e3580000,0x00000000e4880000)
 ParOldGen       total 126464K, used 46105K [0x0000000080000000, 0x0000000087b80000, 0x00000000d5580000)
  object space 126464K, 36% used [0x0000000080000000,0x0000000082d06628,0x0000000087b80000)
 Metaspace       used 69767K, capacity 72942K, committed 73048K, reserved 1112064K
  class space    used 9489K, capacity 10103K, committed 10112K, reserved 1048576K
}
Event: 401.205 GC heap before
{Heap before GC invocations=18 (full 3):
 PSYoungGen      total 244224K, used 240293K [0x00000000d5580000, 0x00000000e5b80000, 0x0000000100000000)
  eden space 229376K, 100% used [0x00000000d5580000,0x00000000e3580000,0x00000000e3580000)
  from space 14848K, 73% used [0x00000000e4d00000,0x00000000e57a9620,0x00000000e5b80000)
  to   space 19456K, 0% used [0x00000000e3580000,0x00000000e3580000,0x00000000e4880000)
 ParOldGen       total 126464K, used 46105K [0x0000000080000000, 0x0000000087b80000, 0x00000000d5580000)
  object space 126464K, 36% used [0x0000000080000000,0x0000000082d06628,0x0000000087b80000)
 Metaspace       used 79713K, capacity 83130K, committed 83416K, reserved 1122304K
  class space    used 10546K, capacity 11199K, committed 11264K, reserved 1048576K
Event: 401.376 GC heap after
Heap after GC invocations=18 (full 3):
 PSYoungGen      total 248832K, used 19437K [0x00000000d5580000, 0x00000000e8a00000, 0x0000000100000000)
  eden space 229376K, 0% used [0x00000000d5580000,0x00000000d5580000,0x00000000e3580000)
  from space 19456K, 99% used [0x00000000e3580000,0x00000000e487b5c0,0x00000000e4880000)
  to   space 24576K, 0% used [0x00000000e7200000,0x00000000e7200000,0x00000000e8a00000)
 ParOldGen       total 126464K, used 52199K [0x0000000080000000, 0x0000000087b80000, 0x00000000d5580000)
  object space 126464K, 41% used [0x0000000080000000,0x00000000832f9de0,0x0000000087b80000)
 Metaspace       used 79713K, capacity 83130K, committed 83416K, reserved 1122304K
  class space    used 10546K, capacity 11199K, committed 11264K, reserved 1048576K
}
Event: 413.112 GC heap before
{Heap before GC invocations=19 (full 3):
 PSYoungGen      total 248832K, used 248813K [0x00000000d5580000, 0x00000000e8a00000, 0x0000000100000000)
  eden space 229376K, 100% used [0x00000000d5580000,0x00000000e3580000,0x00000000e3580000)
  from space 19456K, 99% used [0x00000000e3580000,0x00000000e487b5c0,0x00000000e4880000)
  to   space 24576K, 0% used [0x00000000e7200000,0x00000000e7200000,0x00000000e8a00000)
 ParOldGen       total 126464K, used 52199K [0x0000000080000000, 0x0000000087b80000, 0x00000000d5580000)
  object space 126464K, 41% used [0x0000000080000000,0x00000000832f9de0,0x0000000087b80000)
 Metaspace       used 80713K, capacity 84260K, committed 84440K, reserved 1122304K
  class space    used 10603K, capacity 11262K, committed 11264K, reserved 1048576K
Event: 413.165 GC heap after
Heap after GC invocations=19 (full 3):
 PSYoungGen      total 284160K, used 1344K [0x00000000d5580000, 0x00000000e8700000, 0x0000000100000000)
  eden space 262656K, 0% used [0x00000000d5580000,0x00000000d5580000,0x00000000e5600000)
  from space 21504K, 6% used [0x00000000e7200000,0x00000000e7350000,0x00000000e8700000)
  to   space 25088K, 0% used [0x00000000e5600000,0x00000000e5600000,0x00000000e6e80000)
 ParOldGen       total 126464K, used 67874K [0x0000000080000000, 0x0000000087b80000, 0x00000000d5580000)
  object space 126464K, 53% used [0x0000000080000000,0x00000000842489e0,0x0000000087b80000)
 Metaspace       used 80713K, capacity 84260K, committed 84440K, reserved 1122304K
  class space    used 10603K, capacity 11262K, committed 11264K, reserved 1048576K
}

