# JRE version: OpenJDK Runtime Environment (8.0_242-b01) (build 1.8.0_242-release-1644-b01)
# Java VM: OpenJDK 64-Bit Server VM (25.242-b01 mixed mode windows-amd64 compressed oops)
Heap:
 PSYoungGen      total 348160K, used 81008K [0x00000000d5580000, 0x00000000ec080000, 0x0000000100000000)
  eden space 324608K, 17% used [0x00000000d5580000,0x00000000d8da1a90,0x00000000e9280000)
  from space 23552K, 99% used [0x00000000e9280000,0x00000000ea97a780,0x00000000ea980000)
  to   space 18432K, 0% used [0x00000000eaa80000,0x00000000eaa80000,0x00000000ebc80000)
 ParOldGen       total 111616K, used 41859K [0x0000000080000000, 0x0000000086d00000, 0x00000000d5580000)
  object space 111616K, 37% used [0x0000000080000000,0x00000000828e0fd0,0x0000000086d00000)
 Metaspace       used 73741K, capacity 76988K, committed 77272K, reserved 1116160K
  class space    used 9812K, capacity 10416K, committed 10496K, reserved 1048576K
GC Heap History (10 events):
Event: 6.875 GC heap before
{Heap before GC invocations=10 (full 2):
 PSYoungGen      total 256000K, used 8696K [0x00000000d5580000, 0x00000000e5e00000, 0x0000000100000000)
  eden space 243200K, 0% used [0x00000000d5580000,0x00000000d5580000,0x00000000e4300000)
  from space 12800K, 67% used [0x00000000e5180000,0x00000000e59fe3f0,0x00000000e5e00000)
  to   space 13824K, 0% used [0x00000000e4300000,0x00000000e4300000,0x00000000e5080000)
 ParOldGen       total 50688K, used 12178K [0x0000000080000000, 0x0000000083180000, 0x00000000d5580000)
  object space 50688K, 24% used [0x0000000080000000,0x0000000080be4b78,0x0000000083180000)
 Metaspace       used 34248K, capacity 35380K, committed 35416K, reserved 1079296K
  class space    used 4699K, capacity 4969K, committed 4992K, reserved 1048576K
Event: 6.989 GC heap after
Heap after GC invocations=10 (full 2):
 PSYoungGen      total 256000K, used 0K [0x00000000d5580000, 0x00000000e5e00000, 0x0000000100000000)
  eden space 243200K, 0% used [0x00000000d5580000,0x00000000d5580000,0x00000000e4300000)
  from space 12800K, 0% used [0x00000000e5180000,0x00000000e5180000,0x00000000e5e00000)
  to   space 13824K, 0% used [0x00000000e4300000,0x00000000e4300000,0x00000000e5080000)
 ParOldGen       total 71168K, used 15155K [0x0000000080000000, 0x0000000084580000, 0x00000000d5580000)
  object space 71168K, 21% used [0x0000000080000000,0x0000000080eccfc0,0x0000000084580000)
 Metaspace       used 34248K, capacity 35380K, committed 35416K, reserved 1079296K
  class space    used 4699K, capacity 4969K, committed 4992K, reserved 1048576K
}
Event: 10.398 GC heap before
{Heap before GC invocations=11 (full 2):
 PSYoungGen      total 256000K, used 243200K [0x00000000d5580000, 0x00000000e5e00000, 0x0000000100000000)
  eden space 243200K, 100% used [0x00000000d5580000,0x00000000e4300000,0x00000000e4300000)
  from space 12800K, 0% used [0x00000000e5180000,0x00000000e5180000,0x00000000e5e00000)
  to   space 13824K, 0% used [0x00000000e4300000,0x00000000e4300000,0x00000000e5080000)
 ParOldGen       total 71168K, used 15155K [0x0000000080000000, 0x0000000084580000, 0x00000000d5580000)
  object space 71168K, 21% used [0x0000000080000000,0x0000000080eccfc0,0x0000000084580000)
 Metaspace       used 47140K, capacity 48916K, committed 49240K, reserved 1091584K
  class space    used 6349K, capacity 6686K, committed 6784K, reserved 1048576K
Event: 10.422 GC heap after
Heap after GC invocations=11 (full 2):
 PSYoungGen      total 257024K, used 13812K [0x00000000d5580000, 0x00000000ebc80000, 0x0000000100000000)
  eden space 243200K, 0% used [0x00000000d5580000,0x00000000d5580000,0x00000000e4300000)
  from space 13824K, 99% used [0x00000000e4300000,0x00000000e507d248,0x00000000e5080000)
  to   space 18432K, 0% used [0x00000000eaa80000,0x00000000eaa80000,0x00000000ebc80000)
 ParOldGen       total 71168K, used 21466K [0x0000000080000000, 0x0000000084580000, 0x00000000d5580000)
  object space 71168K, 30% used [0x0000000080000000,0x00000000814f6a18,0x0000000084580000)
 Metaspace       used 47140K, capacity 48916K, committed 49240K, reserved 1091584K
  class space    used 6349K, capacity 6686K, committed 6784K, reserved 1048576K
}
Event: 12.508 GC heap before
{Heap before GC invocations=12 (full 2):
 PSYoungGen      total 257024K, used 133399K [0x00000000d5580000, 0x00000000ebc80000, 0x0000000100000000)
  eden space 243200K, 49% used [0x00000000d5580000,0x00000000dca48c20,0x00000000e4300000)
  from space 13824K, 99% used [0x00000000e4300000,0x00000000e507d248,0x00000000e5080000)
  to   space 18432K, 0% used [0x00000000eaa80000,0x00000000eaa80000,0x00000000ebc80000)
 ParOldGen       total 71168K, used 21466K [0x0000000080000000, 0x0000000084580000, 0x00000000d5580000)
  object space 71168K, 30% used [0x0000000080000000,0x00000000814f6a18,0x0000000084580000)
 Metaspace       used 56769K, capacity 58904K, committed 59028K, reserved 1099776K
  class space    used 7662K, capacity 8116K, committed 8192K, reserved 1048576K
Event: 12.538 GC heap after
Heap after GC invocations=12 (full 2):
 PSYoungGen      total 343040K, used 18419K [0x00000000d5580000, 0x00000000ec080000, 0x0000000100000000)
  eden space 324608K, 0% used [0x00000000d5580000,0x00000000d5580000,0x00000000e9280000)
  from space 18432K, 99% used [0x00000000eaa80000,0x00000000ebc7cf70,0x00000000ebc80000)
  to   space 23552K, 0% used [0x00000000e9280000,0x00000000e9280000,0x00000000ea980000)
 ParOldGen       total 71168K, used 28194K [0x0000000080000000, 0x0000000084580000, 0x00000000d5580000)
  object space 71168K, 39% used [0x0000000080000000,0x0000000081b88b08,0x0000000084580000)
 Metaspace       used 56769K, capacity 58904K, committed 59028K, reserved 1099776K
  class space    used 7662K, capacity 8116K, committed 8192K, reserved 1048576K
}
Event: 12.538 GC heap before
{Heap before GC invocations=13 (full 3):
 PSYoungGen      total 343040K, used 18419K [0x00000000d5580000, 0x00000000ec080000, 0x0000000100000000)
  eden space 324608K, 0% used [0x00000000d5580000,0x00000000d5580000,0x00000000e9280000)
  from space 18432K, 99% used [0x00000000eaa80000,0x00000000ebc7cf70,0x00000000ebc80000)
  to   space 23552K, 0% used [0x00000000e9280000,0x00000000e9280000,0x00000000ea980000)
 ParOldGen       total 71168K, used 28194K [0x0000000080000000, 0x0000000084580000, 0x00000000d5580000)
  object space 71168K, 39% used [0x0000000080000000,0x0000000081b88b08,0x0000000084580000)
 Metaspace       used 56769K, capacity 58904K, committed 59028K, reserved 1099776K
  class space    used 7662K, capacity 8116K, committed 8192K, reserved 1048576K
Event: 12.789 GC heap after
Heap after GC invocations=13 (full 3):
 PSYoungGen      total 343040K, used 0K [0x00000000d5580000, 0x00000000ec080000, 0x0000000100000000)
  eden space 324608K, 0% used [0x00000000d5580000,0x00000000d5580000,0x00000000e9280000)
  from space 18432K, 0% used [0x00000000eaa80000,0x00000000eaa80000,0x00000000ebc80000)
  to   space 23552K, 0% used [0x00000000e9280000,0x00000000e9280000,0x00000000ea980000)
 ParOldGen       total 111616K, used 37552K [0x0000000080000000, 0x0000000086d00000, 0x00000000d5580000)
  object space 111616K, 33% used [0x0000000080000000,0x00000000824ac2d8,0x0000000086d00000)
 Metaspace       used 56757K, capacity 58862K, committed 59028K, reserved 1099776K
  class space    used 7658K, capacity 8109K, committed 8192K, reserved 1048576K
}
Event: 18.973 GC heap before
{Heap before GC invocations=14 (full 3):
 PSYoungGen      total 343040K, used 324608K [0x00000000d5580000, 0x00000000ec080000, 0x0000000100000000)
  eden space 324608K, 100% used [0x00000000d5580000,0x00000000e9280000,0x00000000e9280000)
  from space 18432K, 0% used [0x00000000eaa80000,0x00000000eaa80000,0x00000000ebc80000)
  to   space 23552K, 0% used [0x00000000e9280000,0x00000000e9280000,0x00000000ea980000)
 ParOldGen       total 111616K, used 37552K [0x0000000080000000, 0x0000000086d00000, 0x00000000d5580000)
  object space 111616K, 33% used [0x0000000080000000,0x00000000824ac2d8,0x0000000086d00000)
 Metaspace       used 71599K, capacity 74740K, committed 74840K, reserved 1114112K
  class space    used 9679K, capacity 10268K, committed 10368K, reserved 1048576K
Event: 19.009 GC heap after
Heap after GC invocations=14 (full 3):
 PSYoungGen      total 348160K, used 23529K [0x00000000d5580000, 0x00000000ec080000, 0x0000000100000000)
  eden space 324608K, 0% used [0x00000000d5580000,0x00000000d5580000,0x00000000e9280000)
  from space 23552K, 99% used [0x00000000e9280000,0x00000000ea97a780,0x00000000ea980000)
  to   space 18432K, 0% used [0x00000000eaa80000,0x00000000eaa80000,0x00000000ebc80000)
 ParOldGen       total 111616K, used 41859K [0x0000000080000000, 0x0000000086d00000, 0x00000000d5580000)
  object space 111616K, 37% used [0x0000000080000000,0x00000000828e0fd0,0x0000000086d00000)
 Metaspace       used 71599K, capacity 74740K, committed 74840K, reserved 1114112K
  class space    used 9679K, capacity 10268K, committed 10368K, reserved 1048576K
}

