# JRE version: OpenJDK Runtime Environment (8.0_242-b01) (build 1.8.0_242-release-1644-b01)
# Java VM: OpenJDK 64-Bit Server VM (25.242-b01 mixed mode windows-amd64 compressed oops)
Heap:
 PSYoungGen      total 311296K, used 124987K [0x00000000d5580000, 0x00000000eda80000, 0x0000000100000000)
  eden space 257024K, 43% used [0x00000000d5580000,0x00000000dc258ec0,0x00000000e5080000)
  from space 54272K, 24% used [0x00000000e5080000,0x00000000e5db5f78,0x00000000e8580000)
  to   space 52224K, 0% used [0x00000000ea780000,0x00000000ea780000,0x00000000eda80000)
 ParOldGen       total 278016K, used 129467K [0x0000000080000000, 0x0000000090f80000, 0x00000000d5580000)
  object space 278016K, 46% used [0x0000000080000000,0x0000000087e6ecf0,0x0000000090f80000)
 Metaspace       used 84137K, capacity 88058K, committed 88408K, reserved 1126400K
  class space    used 11284K, capacity 12037K, committed 12160K, reserved 1048576K
GC Heap History (10 events):
Event: 16.430 GC heap before
{Heap before GC invocations=17 (full 3):
 PSYoungGen      total 198656K, used 198626K [0x00000000d5580000, 0x00000000e5200000, 0x0000000100000000)
  eden space 181760K, 100% used [0x00000000d5580000,0x00000000e0700000,0x00000000e0700000)
  from space 16896K, 99% used [0x00000000e0700000,0x00000000e1778be0,0x00000000e1780000)
  to   space 19456K, 0% used [0x00000000e3f00000,0x00000000e3f00000,0x00000000e5200000)
 ParOldGen       total 130560K, used 34631K [0x0000000080000000, 0x0000000087f80000, 0x00000000d5580000)
  object space 130560K, 26% used [0x0000000080000000,0x00000000821d1fd8,0x0000000087f80000)
 Metaspace       used 71550K, capacity 74602K, committed 74840K, reserved 1114112K
  class space    used 9731K, capacity 10345K, committed 10368K, reserved 1048576K
Event: 16.463 GC heap after
Heap after GC invocations=17 (full 3):
 PSYoungGen      total 236032K, used 15222K [0x00000000d5580000, 0x00000000e5180000, 0x0000000100000000)
  eden space 217088K, 0% used [0x00000000d5580000,0x00000000d5580000,0x00000000e2980000)
  from space 18944K, 80% used [0x00000000e3f00000,0x00000000e4ddd9c0,0x00000000e5180000)
  to   space 20480K, 0% used [0x00000000e2980000,0x00000000e2980000,0x00000000e3d80000)
 ParOldGen       total 130560K, used 44845K [0x0000000080000000, 0x0000000087f80000, 0x00000000d5580000)
  object space 130560K, 34% used [0x0000000080000000,0x0000000082bcb768,0x0000000087f80000)
 Metaspace       used 71550K, capacity 74602K, committed 74840K, reserved 1114112K
  class space    used 9731K, capacity 10345K, committed 10368K, reserved 1048576K
}
Event: 18.993 GC heap before
{Heap before GC invocations=18 (full 3):
 PSYoungGen      total 236032K, used 232310K [0x00000000d5580000, 0x00000000e5180000, 0x0000000100000000)
  eden space 217088K, 100% used [0x00000000d5580000,0x00000000e2980000,0x00000000e2980000)
  from space 18944K, 80% used [0x00000000e3f00000,0x00000000e4ddd9c0,0x00000000e5180000)
  to   space 20480K, 0% used [0x00000000e2980000,0x00000000e2980000,0x00000000e3d80000)
 ParOldGen       total 130560K, used 44845K [0x0000000080000000, 0x0000000087f80000, 0x00000000d5580000)
  object space 130560K, 34% used [0x0000000080000000,0x0000000082bcb768,0x0000000087f80000)
 Metaspace       used 77671K, capacity 81164K, committed 81240K, reserved 1120256K
  class space    used 10726K, capacity 11388K, committed 11392K, reserved 1048576K
Event: 19.146 GC heap after
Heap after GC invocations=18 (full 3):
 PSYoungGen      total 237568K, used 20453K [0x00000000d5580000, 0x00000000eaa80000, 0x0000000100000000)
  eden space 217088K, 0% used [0x00000000d5580000,0x00000000d5580000,0x00000000e2980000)
  from space 20480K, 99% used [0x00000000e2980000,0x00000000e3d79470,0x00000000e3d80000)
  to   space 37888K, 0% used [0x00000000e8580000,0x00000000e8580000,0x00000000eaa80000)
 ParOldGen       total 130560K, used 85273K [0x0000000080000000, 0x0000000087f80000, 0x00000000d5580000)
  object space 130560K, 65% used [0x0000000080000000,0x0000000085346508,0x0000000087f80000)
 Metaspace       used 77671K, capacity 81164K, committed 81240K, reserved 1120256K
  class space    used 10726K, capacity 11388K, committed 11392K, reserved 1048576K
}
Event: 21.642 GC heap before
{Heap before GC invocations=19 (full 3):
 PSYoungGen      total 237568K, used 237541K [0x00000000d5580000, 0x00000000eaa80000, 0x0000000100000000)
  eden space 217088K, 100% used [0x00000000d5580000,0x00000000e2980000,0x00000000e2980000)
  from space 20480K, 99% used [0x00000000e2980000,0x00000000e3d79470,0x00000000e3d80000)
  to   space 37888K, 0% used [0x00000000e8580000,0x00000000e8580000,0x00000000eaa80000)
 ParOldGen       total 130560K, used 85273K [0x0000000080000000, 0x0000000087f80000, 0x00000000d5580000)
  object space 130560K, 65% used [0x0000000080000000,0x0000000085346508,0x0000000087f80000)
 Metaspace       used 79049K, capacity 82894K, committed 83032K, reserved 1120256K
  class space    used 10867K, capacity 11591K, committed 11648K, reserved 1048576K
Event: 21.751 GC heap after
Heap after GC invocations=19 (full 3):
 PSYoungGen      total 294912K, used 37876K [0x00000000d5580000, 0x00000000ece80000, 0x0000000100000000)
  eden space 257024K, 0% used [0x00000000d5580000,0x00000000d5580000,0x00000000e5080000)
  from space 37888K, 99% used [0x00000000e8580000,0x00000000eaa7d038,0x00000000eaa80000)
  to   space 54272K, 0% used [0x00000000e5080000,0x00000000e5080000,0x00000000e8580000)
 ParOldGen       total 130560K, used 113017K [0x0000000080000000, 0x0000000087f80000, 0x00000000d5580000)
  object space 130560K, 86% used [0x0000000080000000,0x0000000086e5e668,0x0000000087f80000)
 Metaspace       used 79049K, capacity 82894K, committed 83032K, reserved 1120256K
  class space    used 10867K, capacity 11591K, committed 11648K, reserved 1048576K
}
Event: 21.751 GC heap before
{Heap before GC invocations=20 (full 4):
 PSYoungGen      total 294912K, used 37876K [0x00000000d5580000, 0x00000000ece80000, 0x0000000100000000)
  eden space 257024K, 0% used [0x00000000d5580000,0x00000000d5580000,0x00000000e5080000)
  from space 37888K, 99% used [0x00000000e8580000,0x00000000eaa7d038,0x00000000eaa80000)
  to   space 54272K, 0% used [0x00000000e5080000,0x00000000e5080000,0x00000000e8580000)
 ParOldGen       total 130560K, used 113017K [0x0000000080000000, 0x0000000087f80000, 0x00000000d5580000)
  object space 130560K, 86% used [0x0000000080000000,0x0000000086e5e668,0x0000000087f80000)
 Metaspace       used 79049K, capacity 82894K, committed 83032K, reserved 1120256K
  class space    used 10867K, capacity 11591K, committed 11648K, reserved 1048576K
Event: 22.429 GC heap after
Heap after GC invocations=20 (full 4):
 PSYoungGen      total 294912K, used 0K [0x00000000d5580000, 0x00000000ece80000, 0x0000000100000000)
  eden space 257024K, 0% used [0x00000000d5580000,0x00000000d5580000,0x00000000e5080000)
  from space 37888K, 0% used [0x00000000e8580000,0x00000000e8580000,0x00000000eaa80000)
  to   space 54272K, 0% used [0x00000000e5080000,0x00000000e5080000,0x00000000e8580000)
 ParOldGen       total 278016K, used 129459K [0x0000000080000000, 0x0000000090f80000, 0x00000000d5580000)
  object space 278016K, 46% used [0x0000000080000000,0x0000000087e6ccf0,0x0000000090f80000)
 Metaspace       used 78944K, capacity 82592K, committed 83032K, reserved 1120256K
  class space    used 10832K, capacity 11530K, committed 11648K, reserved 1048576K
}
Event: 4472.376 GC heap before
{Heap before GC invocations=21 (full 4):
 PSYoungGen      total 294912K, used 257024K [0x00000000d5580000, 0x00000000ece80000, 0x0000000100000000)
  eden space 257024K, 100% used [0x00000000d5580000,0x00000000e5080000,0x00000000e5080000)
  from space 37888K, 0% used [0x00000000e8580000,0x00000000e8580000,0x00000000eaa80000)
  to   space 54272K, 0% used [0x00000000e5080000,0x00000000e5080000,0x00000000e8580000)
 ParOldGen       total 278016K, used 129459K [0x0000000080000000, 0x0000000090f80000, 0x00000000d5580000)
  object space 278016K, 46% used [0x0000000080000000,0x0000000087e6ccf0,0x0000000090f80000)
 Metaspace       used 84051K, capacity 87952K, committed 88024K, reserved 1126400K
  class space    used 11280K, capacity 12030K, committed 12032K, reserved 1048576K
Event: 4473.154 GC heap after
Heap after GC invocations=21 (full 4):
 PSYoungGen      total 311296K, used 13527K [0x00000000d5580000, 0x00000000eda80000, 0x0000000100000000)
  eden space 257024K, 0% used [0x00000000d5580000,0x00000000d5580000,0x00000000e5080000)
  from space 54272K, 24% used [0x00000000e5080000,0x00000000e5db5f78,0x00000000e8580000)
  to   space 52224K, 0% used [0x00000000ea780000,0x00000000ea780000,0x00000000eda80000)
 ParOldGen       total 278016K, used 129467K [0x0000000080000000, 0x0000000090f80000, 0x00000000d5580000)
  object space 278016K, 46% used [0x0000000080000000,0x0000000087e6ecf0,0x0000000090f80000)
 Metaspace       used 84051K, capacity 87952K, committed 88024K, reserved 1126400K
  class space    used 11280K, capacity 12030K, committed 12032K, reserved 1048576K
}

