# JRE version: OpenJDK Runtime Environment (8.0_242-b01) (build 1.8.0_242-release-1644-b01)
# Java VM: OpenJDK 64-Bit Server VM (25.242-b01 mixed mode windows-amd64 compressed oops)
Heap:
 PSYoungGen      total 240640K, used 165053K [0x00000000d5580000, 0x00000000e8080000, 0x0000000100000000)
  eden space 221184K, 65% used [0x00000000d5580000,0x00000000de3af8a8,0x00000000e2d80000)
  from space 19456K, 99% used [0x00000000e2d80000,0x00000000e407fd08,0x00000000e4080000)
  to   space 23552K, 0% used [0x00000000e6980000,0x00000000e6980000,0x00000000e8080000)
 ParOldGen       total 133120K, used 50495K [0x0000000080000000, 0x0000000088200000, 0x00000000d5580000)
  object space 133120K, 37% used [0x0000000080000000,0x000000008314fd90,0x0000000088200000)
 Metaspace       used 79286K, capacity 82800K, committed 83032K, reserved 1122304K
  class space    used 10405K, capacity 11053K, committed 11136K, reserved 1048576K
GC Heap History (10 events):
Event: 11.040 GC heap before
{Heap before GC invocations=14 (full 2):
 PSYoungGen      total 160768K, used 86201K [0x00000000d5580000, 0x00000000e2980000, 0x0000000100000000)
  eden space 148480K, 49% used [0x00000000d5580000,0x00000000d9db3330,0x00000000de680000)
  from space 12288K, 99% used [0x00000000de680000,0x00000000df27b330,0x00000000df280000)
  to   space 17408K, 0% used [0x00000000e1880000,0x00000000e1880000,0x00000000e2980000)
 ParOldGen       total 84480K, used 26076K [0x0000000080000000, 0x0000000085280000, 0x00000000d5580000)
  object space 84480K, 30% used [0x0000000080000000,0x0000000081977388,0x0000000085280000)
 Metaspace       used 56751K, capacity 58906K, committed 59028K, reserved 1099776K
  class space    used 7664K, capacity 8117K, committed 8192K, reserved 1048576K
Event: 11.074 GC heap after
Heap after GC invocations=14 (full 2):
 PSYoungGen      total 200192K, used 8839K [0x00000000d5580000, 0x00000000e3380000, 0x0000000100000000)
  eden space 182784K, 0% used [0x00000000d5580000,0x00000000d5580000,0x00000000e0800000)
  from space 17408K, 50% used [0x00000000e1880000,0x00000000e2121f58,0x00000000e2980000)
  to   space 16896K, 0% used [0x00000000e0800000,0x00000000e0800000,0x00000000e1880000)
 ParOldGen       total 84480K, used 38197K [0x0000000080000000, 0x0000000085280000, 0x00000000d5580000)
  object space 84480K, 45% used [0x0000000080000000,0x000000008254d550,0x0000000085280000)
 Metaspace       used 56751K, capacity 58906K, committed 59028K, reserved 1099776K
  class space    used 7664K, capacity 8117K, committed 8192K, reserved 1048576K
}
Event: 11.074 GC heap before
{Heap before GC invocations=15 (full 3):
 PSYoungGen      total 200192K, used 8839K [0x00000000d5580000, 0x00000000e3380000, 0x0000000100000000)
  eden space 182784K, 0% used [0x00000000d5580000,0x00000000d5580000,0x00000000e0800000)
  from space 17408K, 50% used [0x00000000e1880000,0x00000000e2121f58,0x00000000e2980000)
  to   space 16896K, 0% used [0x00000000e0800000,0x00000000e0800000,0x00000000e1880000)
 ParOldGen       total 84480K, used 38197K [0x0000000080000000, 0x0000000085280000, 0x00000000d5580000)
  object space 84480K, 45% used [0x0000000080000000,0x000000008254d550,0x0000000085280000)
 Metaspace       used 56751K, capacity 58906K, committed 59028K, reserved 1099776K
  class space    used 7664K, capacity 8117K, committed 8192K, reserved 1048576K
Event: 11.354 GC heap after
Heap after GC invocations=15 (full 3):
 PSYoungGen      total 200192K, used 0K [0x00000000d5580000, 0x00000000e3380000, 0x0000000100000000)
  eden space 182784K, 0% used [0x00000000d5580000,0x00000000d5580000,0x00000000e0800000)
  from space 17408K, 0% used [0x00000000e1880000,0x00000000e1880000,0x00000000e2980000)
  to   space 16896K, 0% used [0x00000000e0800000,0x00000000e0800000,0x00000000e1880000)
 ParOldGen       total 133120K, used 34152K [0x0000000080000000, 0x0000000088200000, 0x00000000d5580000)
  object space 133120K, 25% used [0x0000000080000000,0x000000008215a358,0x0000000088200000)
 Metaspace       used 56736K, capacity 58858K, committed 59028K, reserved 1099776K
  class space    used 7660K, capacity 8109K, committed 8192K, reserved 1048576K
}
Event: 14.628 GC heap before
{Heap before GC invocations=16 (full 3):
 PSYoungGen      total 200192K, used 182784K [0x00000000d5580000, 0x00000000e3380000, 0x0000000100000000)
  eden space 182784K, 100% used [0x00000000d5580000,0x00000000e0800000,0x00000000e0800000)
  from space 17408K, 0% used [0x00000000e1880000,0x00000000e1880000,0x00000000e2980000)
  to   space 16896K, 0% used [0x00000000e0800000,0x00000000e0800000,0x00000000e1880000)
 ParOldGen       total 133120K, used 34152K [0x0000000080000000, 0x0000000088200000, 0x00000000d5580000)
  object space 133120K, 25% used [0x0000000080000000,0x000000008215a358,0x0000000088200000)
 Metaspace       used 66297K, capacity 69234K, committed 69592K, reserved 1110016K
  class space    used 9080K, capacity 9657K, committed 9728K, reserved 1048576K
Event: 14.668 GC heap after
Heap after GC invocations=16 (full 3):
 PSYoungGen      total 199680K, used 16889K [0x00000000d5580000, 0x00000000e5780000, 0x0000000100000000)
  eden space 182784K, 0% used [0x00000000d5580000,0x00000000d5580000,0x00000000e0800000)
  from space 16896K, 99% used [0x00000000e0800000,0x00000000e187e500,0x00000000e1880000)
  to   space 19456K, 0% used [0x00000000e4480000,0x00000000e4480000,0x00000000e5780000)
 ParOldGen       total 133120K, used 35244K [0x0000000080000000, 0x0000000088200000, 0x00000000d5580000)
  object space 133120K, 26% used [0x0000000080000000,0x000000008226b318,0x0000000088200000)
 Metaspace       used 66297K, capacity 69234K, committed 69592K, reserved 1110016K
  class space    used 9080K, capacity 9657K, committed 9728K, reserved 1048576K
}
Event: 19.769 GC heap before
{Heap before GC invocations=17 (full 3):
 PSYoungGen      total 199680K, used 199673K [0x00000000d5580000, 0x00000000e5780000, 0x0000000100000000)
  eden space 182784K, 100% used [0x00000000d5580000,0x00000000e0800000,0x00000000e0800000)
  from space 16896K, 99% used [0x00000000e0800000,0x00000000e187e500,0x00000000e1880000)
  to   space 19456K, 0% used [0x00000000e4480000,0x00000000e4480000,0x00000000e5780000)
 ParOldGen       total 133120K, used 35244K [0x0000000080000000, 0x0000000088200000, 0x00000000d5580000)
  object space 133120K, 26% used [0x0000000080000000,0x000000008226b318,0x0000000088200000)
 Metaspace       used 71665K, capacity 74718K, committed 74840K, reserved 1114112K
  class space    used 9701K, capacity 10281K, committed 10368K, reserved 1048576K
Event: 19.807 GC heap after
Heap after GC invocations=17 (full 3):
 PSYoungGen      total 236544K, used 12534K [0x00000000d5580000, 0x00000000e5380000, 0x0000000100000000)
  eden space 221184K, 0% used [0x00000000d5580000,0x00000000d5580000,0x00000000e2d80000)
  from space 15360K, 81% used [0x00000000e4480000,0x00000000e50bdb88,0x00000000e5380000)
  to   space 19456K, 0% used [0x00000000e2d80000,0x00000000e2d80000,0x00000000e4080000)
 ParOldGen       total 133120K, used 46051K [0x0000000080000000, 0x0000000088200000, 0x00000000d5580000)
  object space 133120K, 34% used [0x0000000080000000,0x0000000082cf8e40,0x0000000088200000)
 Metaspace       used 71665K, capacity 74718K, committed 74840K, reserved 1114112K
  class space    used 9701K, capacity 10281K, committed 10368K, reserved 1048576K
}
Event: 104.554 GC heap before
{Heap before GC invocations=18 (full 3):
 PSYoungGen      total 236544K, used 233718K [0x00000000d5580000, 0x00000000e5380000, 0x0000000100000000)
  eden space 221184K, 100% used [0x00000000d5580000,0x00000000e2d80000,0x00000000e2d80000)
  from space 15360K, 81% used [0x00000000e4480000,0x00000000e50bdb88,0x00000000e5380000)
  to   space 19456K, 0% used [0x00000000e2d80000,0x00000000e2d80000,0x00000000e4080000)
 ParOldGen       total 133120K, used 46051K [0x0000000080000000, 0x0000000088200000, 0x00000000d5580000)
  object space 133120K, 34% used [0x0000000080000000,0x0000000082cf8e40,0x0000000088200000)
 Metaspace       used 78701K, capacity 82010K, committed 82136K, reserved 1120256K
  class space    used 10381K, capacity 10982K, committed 11008K, reserved 1048576K
Event: 104.590 GC heap after
Heap after GC invocations=18 (full 3):
 PSYoungGen      total 240640K, used 19455K [0x00000000d5580000, 0x00000000e8080000, 0x0000000100000000)
  eden space 221184K, 0% used [0x00000000d5580000,0x00000000d5580000,0x00000000e2d80000)
  from space 19456K, 99% used [0x00000000e2d80000,0x00000000e407fd08,0x00000000e4080000)
  to   space 23552K, 0% used [0x00000000e6980000,0x00000000e6980000,0x00000000e8080000)
 ParOldGen       total 133120K, used 50495K [0x0000000080000000, 0x0000000088200000, 0x00000000d5580000)
  object space 133120K, 37% used [0x0000000080000000,0x000000008314fd90,0x0000000088200000)
 Metaspace       used 78701K, capacity 82010K, committed 82136K, reserved 1120256K
  class space    used 10381K, capacity 10982K, committed 11008K, reserved 1048576K
}

