# JRE version: OpenJDK Runtime Environment (8.0_242-b01) (build 1.8.0_242-release-1644-b01)
# Java VM: OpenJDK 64-Bit Server VM (25.242-b01 mixed mode windows-amd64 compressed oops)
Heap:
 PSYoungGen      total 588288K, used 159671K [0x00000000d5580000, 0x00000000fce00000, 0x0000000100000000)
  eden space 555520K, 27% used [0x00000000d5580000,0x00000000ded26c50,0x00000000f7400000)
  from space 32768K, 13% used [0x00000000f8e00000,0x00000000f92470f8,0x00000000fae00000)
  to   space 25088K, 0% used [0x00000000fb580000,0x00000000fb580000,0x00000000fce00000)
 ParOldGen       total 114176K, used 114113K [0x0000000080000000, 0x0000000086f80000, 0x00000000d5580000)
  object space 114176K, 99% used [0x0000000080000000,0x0000000086f70450,0x0000000086f80000)
 Metaspace       used 86833K, capacity 91046K, committed 91480K, reserved 1128448K
  class space    used 11512K, capacity 12261K, committed 12416K, reserved 1048576K
GC Heap History (10 events):
Event: 15.233 GC heap before
{Heap before GC invocations=11 (full 2):
 PSYoungGen      total 445440K, used 146759K [0x00000000d5580000, 0x00000000f2200000, 0x0000000100000000)
  eden space 429568K, 30% used [0x00000000d5580000,0x00000000dd553680,0x00000000ef900000)
  from space 15872K, 99% used [0x00000000f0c00000,0x00000000f1b7e590,0x00000000f1b80000)
  to   space 19456K, 0% used [0x00000000ef900000,0x00000000ef900000,0x00000000f0c00000)
 ParOldGen       total 72704K, used 18754K [0x0000000080000000, 0x0000000084700000, 0x00000000d5580000)
  object space 72704K, 25% used [0x0000000080000000,0x0000000081250a40,0x0000000084700000)
 Metaspace       used 56745K, capacity 58916K, committed 59028K, reserved 1099776K
  class space    used 7658K, capacity 8116K, committed 8192K, reserved 1048576K
Event: 15.288 GC heap after
Heap after GC invocations=11 (full 2):
 PSYoungGen      total 449024K, used 19438K [0x00000000d5580000, 0x00000000fce00000, 0x0000000100000000)
  eden space 429568K, 0% used [0x00000000d5580000,0x00000000d5580000,0x00000000ef900000)
  from space 19456K, 99% used [0x00000000ef900000,0x00000000f0bfbbf0,0x00000000f0c00000)
  to   space 25088K, 0% used [0x00000000fb580000,0x00000000fb580000,0x00000000fce00000)
 ParOldGen       total 72704K, used 24758K [0x0000000080000000, 0x0000000084700000, 0x00000000d5580000)
  object space 72704K, 34% used [0x0000000080000000,0x000000008182da58,0x0000000084700000)
 Metaspace       used 56745K, capacity 58916K, committed 59028K, reserved 1099776K
  class space    used 7658K, capacity 8116K, committed 8192K, reserved 1048576K
}
Event: 15.288 GC heap before
{Heap before GC invocations=12 (full 3):
 PSYoungGen      total 449024K, used 19438K [0x00000000d5580000, 0x00000000fce00000, 0x0000000100000000)
  eden space 429568K, 0% used [0x00000000d5580000,0x00000000d5580000,0x00000000ef900000)
  from space 19456K, 99% used [0x00000000ef900000,0x00000000f0bfbbf0,0x00000000f0c00000)
  to   space 25088K, 0% used [0x00000000fb580000,0x00000000fb580000,0x00000000fce00000)
 ParOldGen       total 72704K, used 24758K [0x0000000080000000, 0x0000000084700000, 0x00000000d5580000)
  object space 72704K, 34% used [0x0000000080000000,0x000000008182da58,0x0000000084700000)
 Metaspace       used 56745K, capacity 58916K, committed 59028K, reserved 1099776K
  class space    used 7658K, capacity 8116K, committed 8192K, reserved 1048576K
Event: 15.622 GC heap after
Heap after GC invocations=12 (full 3):
 PSYoungGen      total 449024K, used 0K [0x00000000d5580000, 0x00000000fce00000, 0x0000000100000000)
  eden space 429568K, 0% used [0x00000000d5580000,0x00000000d5580000,0x00000000ef900000)
  from space 19456K, 0% used [0x00000000ef900000,0x00000000ef900000,0x00000000f0c00000)
  to   space 25088K, 0% used [0x00000000fb580000,0x00000000fb580000,0x00000000fce00000)
 ParOldGen       total 111104K, used 37882K [0x0000000080000000, 0x0000000086c80000, 0x00000000d5580000)
  object space 111104K, 34% used [0x0000000080000000,0x00000000824fe948,0x0000000086c80000)
 Metaspace       used 56733K, capacity 58874K, committed 59028K, reserved 1099776K
  class space    used 7654K, capacity 8109K, committed 8192K, reserved 1048576K
}
Event: 25.267 GC heap before
{Heap before GC invocations=13 (full 3):
 PSYoungGen      total 449024K, used 429568K [0x00000000d5580000, 0x00000000fce00000, 0x0000000100000000)
  eden space 429568K, 100% used [0x00000000d5580000,0x00000000ef900000,0x00000000ef900000)
  from space 19456K, 0% used [0x00000000ef900000,0x00000000ef900000,0x00000000f0c00000)
  to   space 25088K, 0% used [0x00000000fb580000,0x00000000fb580000,0x00000000fce00000)
 ParOldGen       total 111104K, used 37882K [0x0000000080000000, 0x0000000086c80000, 0x00000000d5580000)
  object space 111104K, 34% used [0x0000000080000000,0x00000000824fe948,0x0000000086c80000)
 Metaspace       used 71777K, capacity 74836K, committed 75096K, reserved 1114112K
  class space    used 9735K, capacity 10336K, committed 10368K, reserved 1048576K
Event: 25.341 GC heap after
Heap after GC invocations=13 (full 3):
 PSYoungGen      total 580608K, used 25069K [0x00000000d5580000, 0x00000000fce00000, 0x0000000100000000)
  eden space 555520K, 0% used [0x00000000d5580000,0x00000000d5580000,0x00000000f7400000)
  from space 25088K, 99% used [0x00000000fb580000,0x00000000fcdfb7d0,0x00000000fce00000)
  to   space 32768K, 0% used [0x00000000f8e00000,0x00000000f8e00000,0x00000000fae00000)
 ParOldGen       total 111104K, used 48650K [0x0000000080000000, 0x0000000086c80000, 0x00000000d5580000)
  object space 111104K, 43% used [0x0000000080000000,0x0000000082f82b38,0x0000000086c80000)
 Metaspace       used 71777K, capacity 74836K, committed 75096K, reserved 1114112K
  class space    used 9735K, capacity 10336K, committed 10368K, reserved 1048576K
}
Event: 46.477 GC heap before
{Heap before GC invocations=14 (full 3):
 PSYoungGen      total 580608K, used 580589K [0x00000000d5580000, 0x00000000fce00000, 0x0000000100000000)
  eden space 555520K, 100% used [0x00000000d5580000,0x00000000f7400000,0x00000000f7400000)
  from space 25088K, 99% used [0x00000000fb580000,0x00000000fcdfb7d0,0x00000000fce00000)
  to   space 32768K, 0% used [0x00000000f8e00000,0x00000000f8e00000,0x00000000fae00000)
 ParOldGen       total 111104K, used 48650K [0x0000000080000000, 0x0000000086c80000, 0x00000000d5580000)
  object space 111104K, 43% used [0x0000000080000000,0x0000000082f82b38,0x0000000086c80000)
 Metaspace       used 86414K, capacity 90798K, committed 90968K, reserved 1128448K
  class space    used 11548K, capacity 12313K, committed 12416K, reserved 1048576K
Event: 47.098 GC heap after
Heap after GC invocations=14 (full 3):
 PSYoungGen      total 588288K, used 32749K [0x00000000d5580000, 0x00000000fce00000, 0x0000000100000000)
  eden space 555520K, 0% used [0x00000000d5580000,0x00000000d5580000,0x00000000f7400000)
  from space 32768K, 99% used [0x00000000f8e00000,0x00000000fadfb580,0x00000000fae00000)
  to   space 25088K, 0% used [0x00000000fb580000,0x00000000fb580000,0x00000000fce00000)
 ParOldGen       total 114176K, used 113692K [0x0000000080000000, 0x0000000086f80000, 0x00000000d5580000)
  object space 114176K, 99% used [0x0000000080000000,0x0000000086f07280,0x0000000086f80000)
 Metaspace       used 86414K, capacity 90798K, committed 90968K, reserved 1128448K
  class space    used 11548K, capacity 12313K, committed 12416K, reserved 1048576K
}
Event: 47.098 GC heap before
{Heap before GC invocations=15 (full 4):
 PSYoungGen      total 588288K, used 32749K [0x00000000d5580000, 0x00000000fce00000, 0x0000000100000000)
  eden space 555520K, 0% used [0x00000000d5580000,0x00000000d5580000,0x00000000f7400000)
  from space 32768K, 99% used [0x00000000f8e00000,0x00000000fadfb580,0x00000000fae00000)
  to   space 25088K, 0% used [0x00000000fb580000,0x00000000fb580000,0x00000000fce00000)
 ParOldGen       total 114176K, used 113692K [0x0000000080000000, 0x0000000086f80000, 0x00000000d5580000)
  object space 114176K, 99% used [0x0000000080000000,0x0000000086f07280,0x0000000086f80000)
 Metaspace       used 86414K, capacity 90798K, committed 90968K, reserved 1128448K
  class space    used 11548K, capacity 12313K, committed 12416K, reserved 1048576K
Event: 49.578 GC heap after
Heap after GC invocations=15 (full 4):
 PSYoungGen      total 588288K, used 4380K [0x00000000d5580000, 0x00000000fce00000, 0x0000000100000000)
  eden space 555520K, 0% used [0x00000000d5580000,0x00000000d5580000,0x00000000f7400000)
  from space 32768K, 13% used [0x00000000f8e00000,0x00000000f92470f8,0x00000000fae00000)
  to   space 25088K, 0% used [0x00000000fb580000,0x00000000fb580000,0x00000000fce00000)
 ParOldGen       total 114176K, used 114113K [0x0000000080000000, 0x0000000086f80000, 0x00000000d5580000)
  object space 114176K, 99% used [0x0000000080000000,0x0000000086f70450,0x0000000086f80000)
 Metaspace       used 86259K, capacity 90400K, committed 90968K, reserved 1128448K
  class space    used 11495K, capacity 12218K, committed 12416K, reserved 1048576K
}

