# JRE version: OpenJDK Runtime Environment (8.0_242-b01) (build 1.8.0_242-release-1644-b01)
# Java VM: OpenJDK 64-Bit Server VM (25.242-b01 mixed mode windows-amd64 compressed oops)
Heap:
 PSYoungGen      total 390656K, used 41928K [0x00000000d5580000, 0x00000000ef600000, 0x0000000100000000)
  eden space 356864K, 5% used [0x00000000d5580000,0x00000000d6921b28,0x00000000eb200000)
  from space 33792K, 64% used [0x00000000eb400000,0x00000000ec9505c8,0x00000000ed500000)
  to   space 28672K, 0% used [0x00000000eda00000,0x00000000eda00000,0x00000000ef600000)
 ParOldGen       total 227328K, used 108823K [0x0000000080000000, 0x000000008de00000, 0x00000000d5580000)
  object space 227328K, 47% used [0x0000000080000000,0x0000000086a45f38,0x000000008de00000)
 Metaspace       used 91657K, capacity 96334K, committed 97048K, reserved 1132544K
  class space    used 12022K, capacity 12903K, committed 13088K, reserved 1048576K
GC Heap History (10 events):
Event: 18.402 GC heap before
{Heap before GC invocations=17 (full 3):
 PSYoungGen      total 259072K, used 259040K [0x00000000d5580000, 0x00000000eb080000, 0x0000000100000000)
  eden space 238080K, 100% used [0x00000000d5580000,0x00000000e3e00000,0x00000000e3e00000)
  from space 20992K, 99% used [0x00000000e3e00000,0x00000000e5278218,0x00000000e5280000)
  to   space 24576K, 0% used [0x00000000e9880000,0x00000000e9880000,0x00000000eb080000)
 ParOldGen       total 109056K, used 31692K [0x0000000080000000, 0x0000000086a80000, 0x00000000d5580000)
  object space 109056K, 29% used [0x0000000080000000,0x0000000081ef30e8,0x0000000086a80000)
 Metaspace       used 73519K, capacity 76674K, committed 76952K, reserved 1116160K
  class space    used 9934K, capacity 10539K, committed 10656K, reserved 1048576K
Event: 18.454 GC heap after
Heap after GC invocations=17 (full 3):
 PSYoungGen      total 322560K, used 18221K [0x00000000d5580000, 0x00000000eae00000, 0x0000000100000000)
  eden space 300544K, 0% used [0x00000000d5580000,0x00000000d5580000,0x00000000e7b00000)
  from space 22016K, 82% used [0x00000000e9880000,0x00000000eaa4b4a0,0x00000000eae00000)
  to   space 26112K, 0% used [0x00000000e7b00000,0x00000000e7b00000,0x00000000e9480000)
 ParOldGen       total 109056K, used 45353K [0x0000000080000000, 0x0000000086a80000, 0x00000000d5580000)
  object space 109056K, 41% used [0x0000000080000000,0x0000000082c4a7b0,0x0000000086a80000)
 Metaspace       used 73519K, capacity 76674K, committed 76952K, reserved 1116160K
  class space    used 9934K, capacity 10539K, committed 10656K, reserved 1048576K
}
Event: 60.715 GC heap before
{Heap before GC invocations=18 (full 3):
 PSYoungGen      total 322560K, used 318765K [0x00000000d5580000, 0x00000000eae00000, 0x0000000100000000)
  eden space 300544K, 100% used [0x00000000d5580000,0x00000000e7b00000,0x00000000e7b00000)
  from space 22016K, 82% used [0x00000000e9880000,0x00000000eaa4b4a0,0x00000000eae00000)
  to   space 26112K, 0% used [0x00000000e7b00000,0x00000000e7b00000,0x00000000e9480000)
 ParOldGen       total 109056K, used 45353K [0x0000000080000000, 0x0000000086a80000, 0x00000000d5580000)
  object space 109056K, 41% used [0x0000000080000000,0x0000000082c4a7b0,0x0000000086a80000)
 Metaspace       used 80037K, capacity 83494K, committed 83608K, reserved 1122304K
  class space    used 10524K, capacity 11131K, committed 11168K, reserved 1048576K
Event: 60.792 GC heap after
Heap after GC invocations=18 (full 3):
 PSYoungGen      total 326656K, used 23785K [0x00000000d5580000, 0x00000000ef700000, 0x0000000100000000)
  eden space 300544K, 0% used [0x00000000d5580000,0x00000000d5580000,0x00000000e7b00000)
  from space 26112K, 91% used [0x00000000e7b00000,0x00000000e923a4f8,0x00000000e9480000)
  to   space 29696K, 0% used [0x00000000eda00000,0x00000000eda00000,0x00000000ef700000)
 ParOldGen       total 109056K, used 45361K [0x0000000080000000, 0x0000000086a80000, 0x00000000d5580000)
  object space 109056K, 41% used [0x0000000080000000,0x0000000082c4c7b0,0x0000000086a80000)
 Metaspace       used 80037K, capacity 83494K, committed 83608K, reserved 1122304K
  class space    used 10524K, capacity 11131K, committed 11168K, reserved 1048576K
}
Event: 162.202 GC heap before
{Heap before GC invocations=19 (full 3):
 PSYoungGen      total 326656K, used 324242K [0x00000000d5580000, 0x00000000ef700000, 0x0000000100000000)
  eden space 300544K, 99% used [0x00000000d5580000,0x00000000e7aea6e8,0x00000000e7b00000)
  from space 26112K, 91% used [0x00000000e7b00000,0x00000000e923a4f8,0x00000000e9480000)
  to   space 29696K, 0% used [0x00000000eda00000,0x00000000eda00000,0x00000000ef700000)
 ParOldGen       total 109056K, used 45361K [0x0000000080000000, 0x0000000086a80000, 0x00000000d5580000)
  object space 109056K, 41% used [0x0000000080000000,0x0000000082c4c7b0,0x0000000086a80000)
 Metaspace       used 81589K, capacity 85296K, committed 85400K, reserved 1124352K
  class space    used 10688K, capacity 11386K, committed 11424K, reserved 1048576K
Event: 162.256 GC heap after
Heap after GC invocations=19 (full 3):
 PSYoungGen      total 385536K, used 28319K [0x00000000d5580000, 0x00000000ef600000, 0x0000000100000000)
  eden space 356864K, 0% used [0x00000000d5580000,0x00000000d5580000,0x00000000eb200000)
  from space 28672K, 98% used [0x00000000eda00000,0x00000000ef5a7d10,0x00000000ef600000)
  to   space 33792K, 0% used [0x00000000eb400000,0x00000000eb400000,0x00000000ed500000)
 ParOldGen       total 109056K, used 45369K [0x0000000080000000, 0x0000000086a80000, 0x00000000d5580000)
  object space 109056K, 41% used [0x0000000080000000,0x0000000082c4e7b0,0x0000000086a80000)
 Metaspace       used 81589K, capacity 85296K, committed 85400K, reserved 1124352K
  class space    used 10688K, capacity 11386K, committed 11424K, reserved 1048576K
}
Event: 168.848 GC heap before
{Heap before GC invocations=20 (full 3):
 PSYoungGen      total 385536K, used 385183K [0x00000000d5580000, 0x00000000ef600000, 0x0000000100000000)
  eden space 356864K, 100% used [0x00000000d5580000,0x00000000eb200000,0x00000000eb200000)
  from space 28672K, 98% used [0x00000000eda00000,0x00000000ef5a7d10,0x00000000ef600000)
  to   space 33792K, 0% used [0x00000000eb400000,0x00000000eb400000,0x00000000ed500000)
 ParOldGen       total 109056K, used 45369K [0x0000000080000000, 0x0000000086a80000, 0x00000000d5580000)
  object space 109056K, 41% used [0x0000000080000000,0x0000000082c4e7b0,0x0000000086a80000)
 Metaspace       used 91936K, capacity 96960K, committed 97048K, reserved 1132544K
  class space    used 12124K, capacity 13086K, committed 13088K, reserved 1048576K
Event: 169.815 GC heap after
Heap after GC invocations=20 (full 3):
 PSYoungGen      total 390656K, used 33767K [0x00000000d5580000, 0x00000000ef600000, 0x0000000100000000)
  eden space 356864K, 0% used [0x00000000d5580000,0x00000000d5580000,0x00000000eb200000)
  from space 33792K, 99% used [0x00000000eb400000,0x00000000ed4f9cb8,0x00000000ed500000)
  to   space 28672K, 0% used [0x00000000eda00000,0x00000000eda00000,0x00000000ef600000)
 ParOldGen       total 109056K, used 108283K [0x0000000080000000, 0x0000000086a80000, 0x00000000d5580000)
  object space 109056K, 99% used [0x0000000080000000,0x00000000869befe0,0x0000000086a80000)
 Metaspace       used 91936K, capacity 96960K, committed 97048K, reserved 1132544K
  class space    used 12124K, capacity 13086K, committed 13088K, reserved 1048576K
}
Event: 169.815 GC heap before
{Heap before GC invocations=21 (full 4):
 PSYoungGen      total 390656K, used 33767K [0x00000000d5580000, 0x00000000ef600000, 0x0000000100000000)
  eden space 356864K, 0% used [0x00000000d5580000,0x00000000d5580000,0x00000000eb200000)
  from space 33792K, 99% used [0x00000000eb400000,0x00000000ed4f9cb8,0x00000000ed500000)
  to   space 28672K, 0% used [0x00000000eda00000,0x00000000eda00000,0x00000000ef600000)
 ParOldGen       total 109056K, used 108283K [0x0000000080000000, 0x0000000086a80000, 0x00000000d5580000)
  object space 109056K, 99% used [0x0000000080000000,0x00000000869befe0,0x0000000086a80000)
 Metaspace       used 91936K, capacity 96960K, committed 97048K, reserved 1132544K
  class space    used 12124K, capacity 13086K, committed 13088K, reserved 1048576K
Event: 173.459 GC heap after
Heap after GC invocations=21 (full 4):
 PSYoungGen      total 390656K, used 21825K [0x00000000d5580000, 0x00000000ef600000, 0x0000000100000000)
  eden space 356864K, 0% used [0x00000000d5580000,0x00000000d5580000,0x00000000eb200000)
  from space 33792K, 64% used [0x00000000eb400000,0x00000000ec9505c8,0x00000000ed500000)
  to   space 28672K, 0% used [0x00000000eda00000,0x00000000eda00000,0x00000000ef600000)
 ParOldGen       total 227328K, used 108823K [0x0000000080000000, 0x000000008de00000, 0x00000000d5580000)
  object space 227328K, 47% used [0x0000000080000000,0x0000000086a45f38,0x000000008de00000)
 Metaspace       used 91656K, capacity 96334K, committed 97048K, reserved 1132544K
  class space    used 12022K, capacity 12903K, committed 13088K, reserved 1048576K
}

